"2021-01-02 05:58:41,430 INFO  [RMI TCP Connection(42)-127.0.0.1] org.springframework.boot.admin.SpringApplicationAdminMXBeanRegistrar$SpringApplicationAdmin : Application shutdown requested.
""2021-01-02 05:58:42,855 INFO  [RMI TCP Connection(42)-127.0.0.1] org.springframework.scheduling.concurrent.ThreadPoolTaskExecutor : Shutting down ExecutorService 'applicationTaskExecutor'
""2021-01-02 05:58:42,885 INFO  [RMI TCP Connection(42)-127.0.0.1] org.springframework.orm.jpa.LocalContainerEntityManagerFactoryBean : Closing JPA EntityManagerFactory for persistence unit 'default'
""2021-01-02 05:58:42,888 INFO  [RMI TCP Connection(42)-127.0.0.1] com.zaxxer.hikari.HikariDataSource : HikariPool-1 - Shutdown initiated...
""2021-01-02 05:58:42,906 INFO  [RMI TCP Connection(42)-127.0.0.1] com.zaxxer.hikari.HikariDataSource : HikariPool-1 - Shutdown completed.
""2021-01-02 06:09:06,205 INFO  [main] com.customer.portal.Application : Starting Application using Java 15 on vagrant with PID 29739 (/gitrepository/Personal/Workspace/Customer-Portal-0.0.1/target/classes started by vagrant in /gitrepository/Personal/Workspace/Customer-Portal-0.0.1)
""2021-01-02 06:09:06,225 INFO  [main] com.customer.portal.Application : No active profile set, falling back to default profiles: default
""2021-01-02 06:09:07,783 INFO  [main] org.springframework.data.repository.config.RepositoryConfigurationDelegate : Multiple Spring Data modules found, entering strict repository configuration mode!
""2021-01-02 06:09:07,784 INFO  [main] org.springframework.data.repository.config.RepositoryConfigurationDelegate : Bootstrapping Spring Data JPA repositories in DEFAULT mode.
""2021-01-02 06:09:08,517 INFO  [main] org.springframework.data.repository.config.RepositoryConfigurationDelegate : Finished Spring Data repository scanning in 722 ms. Found 1 JPA repository interfaces.
""2021-01-02 06:09:08,764 INFO  [main] org.springframework.data.repository.config.RepositoryConfigurationDelegate : Multiple Spring Data modules found, entering strict repository configuration mode!
""2021-01-02 06:09:08,765 INFO  [main] org.springframework.data.repository.config.RepositoryConfigurationDelegate : Bootstrapping Spring Data JDBC repositories in DEFAULT mode.
""2021-01-02 06:09:08,769 INFO  [main] org.springframework.data.repository.config.RepositoryConfigurationDelegate : Finished Spring Data repository scanning in 2 ms. Found 0 JDBC repository interfaces.
""2021-01-02 06:09:09,572 INFO  [main] org.springframework.boot.web.embedded.tomcat.TomcatWebServer : Tomcat initialized with port(s): 8080 (http)
""2021-01-02 06:09:09,586 INFO  [main] org.apache.catalina.core.StandardService : Starting service [Tomcat]
""2021-01-02 06:09:09,587 INFO  [main] org.apache.catalina.core.StandardEngine : Starting Servlet engine: [Apache Tomcat/9.0.39]
""2021-01-02 06:09:09,713 INFO  [main] org.apache.catalina.core.ContainerBase.[Tomcat].[localhost].[/] : Initializing Spring embedded WebApplicationContext
""2021-01-02 06:09:09,714 INFO  [main] org.springframework.boot.web.servlet.context.ServletWebServerApplicationContext : Root WebApplicationContext: initialization completed in 3344 ms
""2021-01-02 06:09:10,134 INFO  [main] org.hibernate.jpa.internal.util.LogHelper : HHH000204: Processing PersistenceUnitInfo [name: default]
""2021-01-02 06:09:10,191 INFO  [main] org.hibernate.Version : HHH000412: Hibernate ORM core version 5.4.23.Final
""2021-01-02 06:09:10,349 INFO  [main] org.hibernate.annotations.common.Version : HCANN000001: Hibernate Commons Annotations {5.1.2.Final}
""2021-01-02 06:09:10,817 INFO  [main] com.zaxxer.hikari.HikariDataSource : HikariPool-1 - Starting...
""2021-01-02 06:09:10,838 WARN  [main] com.zaxxer.hikari.util.DriverDataSource : Registered driver with driverClassName=com.mysql.jdbc.Driver was not found, trying direct instantiation.
""2021-01-02 06:09:11,104 INFO  [main] com.zaxxer.hikari.HikariDataSource : HikariPool-1 - Start completed.
""2021-01-02 06:09:11,127 INFO  [main] org.hibernate.dialect.Dialect : HHH000400: Using dialect: org.hibernate.dialect.MySQL5Dialect
""2021-01-02 06:09:13,162 INFO  [main] org.hibernate.engine.transaction.jta.platform.internal.JtaPlatformInitiator : HHH000490: Using JtaPlatform implementation: [org.hibernate.engine.transaction.jta.platform.internal.NoJtaPlatform]
""2021-01-02 06:09:13,187 INFO  [main] org.springframework.orm.jpa.LocalContainerEntityManagerFactoryBean : Initialized JPA EntityManagerFactory for persistence unit 'default'
""2021-01-02 06:09:13,585 WARN  [main] org.springframework.boot.autoconfigure.orm.jpa.JpaBaseConfiguration$JpaWebConfiguration : spring.jpa.open-in-view is enabled by default. Therefore, database queries may be performed during view rendering. Explicitly configure spring.jpa.open-in-view to disable this warning
""2021-01-02 06:09:13,762 INFO  [main] org.springframework.scheduling.concurrent.ThreadPoolTaskExecutor : Initializing ExecutorService 'applicationTaskExecutor'
""2021-01-02 06:09:14,192 INFO  [main] org.springframework.boot.web.embedded.tomcat.TomcatWebServer : Tomcat started on port(s): 8080 (http) with context path ''
""2021-01-02 06:09:14,224 INFO  [main] com.customer.portal.Application : Started Application in 8.705 seconds (JVM running for 10.355)
""2021-01-02 06:09:14,228 INFO  [main] com.customer.portal.Application : Service Started at port 8080
""2021-01-02 06:26:51,025 INFO  [main] com.customer.portal.Application : Starting Application using Java 15 on vagrant with PID 31314 (/gitrepository/Personal/Workspace/Customer-Portal-0.0.1/target/classes started by vagrant in /gitrepository/Personal/Workspace/Customer-Portal-0.0.1)
""2021-01-02 06:26:51,065 INFO  [main] com.customer.portal.Application : No active profile set, falling back to default profiles: default
""2021-01-02 06:26:52,651 INFO  [main] org.springframework.data.repository.config.RepositoryConfigurationDelegate : Multiple Spring Data modules found, entering strict repository configuration mode!
""2021-01-02 06:26:52,652 INFO  [main] org.springframework.data.repository.config.RepositoryConfigurationDelegate : Bootstrapping Spring Data JPA repositories in DEFAULT mode.
""2021-01-02 06:26:53,290 INFO  [main] org.springframework.data.repository.config.RepositoryConfigurationDelegate : Finished Spring Data repository scanning in 628 ms. Found 1 JPA repository interfaces.
""2021-01-02 06:26:53,548 INFO  [main] org.springframework.data.repository.config.RepositoryConfigurationDelegate : Multiple Spring Data modules found, entering strict repository configuration mode!
""2021-01-02 06:26:53,549 INFO  [main] org.springframework.data.repository.config.RepositoryConfigurationDelegate : Bootstrapping Spring Data JDBC repositories in DEFAULT mode.
""2021-01-02 06:26:53,553 INFO  [main] org.springframework.data.repository.config.RepositoryConfigurationDelegate : Finished Spring Data repository scanning in 2 ms. Found 0 JDBC repository interfaces.
""2021-01-02 06:26:54,352 INFO  [main] org.springframework.boot.web.embedded.tomcat.TomcatWebServer : Tomcat initialized with port(s): 8080 (http)
""2021-01-02 06:26:54,370 INFO  [main] org.apache.catalina.core.StandardService : Starting service [Tomcat]
""2021-01-02 06:26:54,372 INFO  [main] org.apache.catalina.core.StandardEngine : Starting Servlet engine: [Apache Tomcat/9.0.39]
""2021-01-02 06:26:54,477 INFO  [main] org.apache.catalina.core.ContainerBase.[Tomcat].[localhost].[/] : Initializing Spring embedded WebApplicationContext
""2021-01-02 06:26:54,478 INFO  [main] org.springframework.boot.web.servlet.context.ServletWebServerApplicationContext : Root WebApplicationContext: initialization completed in 3309 ms
""2021-01-02 06:26:55,015 INFO  [main] org.hibernate.jpa.internal.util.LogHelper : HHH000204: Processing PersistenceUnitInfo [name: default]
""2021-01-02 06:26:55,082 INFO  [main] org.hibernate.Version : HHH000412: Hibernate ORM core version 5.4.23.Final
""2021-01-02 06:26:55,265 INFO  [main] org.hibernate.annotations.common.Version : HCANN000001: Hibernate Commons Annotations {5.1.2.Final}
""2021-01-02 06:26:55,447 INFO  [main] com.zaxxer.hikari.HikariDataSource : HikariPool-1 - Starting...
""2021-01-02 06:26:55,455 WARN  [main] com.zaxxer.hikari.util.DriverDataSource : Registered driver with driverClassName=com.mysql.jdbc.Driver was not found, trying direct instantiation.
""2021-01-02 06:26:55,911 INFO  [main] com.zaxxer.hikari.HikariDataSource : HikariPool-1 - Start completed.
""2021-01-02 06:26:55,938 INFO  [main] org.hibernate.dialect.Dialect : HHH000400: Using dialect: org.hibernate.dialect.MySQL5Dialect
""2021-01-02 06:26:59,153 INFO  [main] org.hibernate.engine.transaction.jta.platform.internal.JtaPlatformInitiator : HHH000490: Using JtaPlatform implementation: [org.hibernate.engine.transaction.jta.platform.internal.NoJtaPlatform]
""2021-01-02 06:26:59,170 INFO  [main] org.springframework.orm.jpa.LocalContainerEntityManagerFactoryBean : Initialized JPA EntityManagerFactory for persistence unit 'default'
""2021-01-02 06:26:59,770 WARN  [main] org.springframework.boot.autoconfigure.orm.jpa.JpaBaseConfiguration$JpaWebConfiguration : spring.jpa.open-in-view is enabled by default. Therefore, database queries may be performed during view rendering. Explicitly configure spring.jpa.open-in-view to disable this warning
""2021-01-02 06:26:59,995 INFO  [main] org.springframework.scheduling.concurrent.ThreadPoolTaskExecutor : Initializing ExecutorService 'applicationTaskExecutor'
""2021-01-02 06:27:00,480 INFO  [main] org.springframework.boot.web.embedded.tomcat.TomcatWebServer : Tomcat started on port(s): 8080 (http) with context path ''
""2021-01-02 06:27:00,498 INFO  [main] com.customer.portal.Application : Started Application in 10.088 seconds (JVM running for 11.508)
""2021-01-02 06:27:00,503 INFO  [main] com.customer.portal.Application : Service Started at port 8080
""2021-01-02 06:36:19,819 INFO  [main] com.customer.portal.Application : Starting Application using Java 15 on vagrant with PID 32662 (/gitrepository/Personal/Workspace/Customer-Portal-0.0.1/target/classes started by vagrant in /gitrepository/Personal/Workspace/Customer-Portal-0.0.1)
""2021-01-02 06:36:19,825 INFO  [main] com.customer.portal.Application : No active profile set, falling back to default profiles: default
""2021-01-02 06:36:21,051 INFO  [main] org.springframework.data.repository.config.RepositoryConfigurationDelegate : Multiple Spring Data modules found, entering strict repository configuration mode!
""2021-01-02 06:36:21,052 INFO  [main] org.springframework.data.repository.config.RepositoryConfigurationDelegate : Bootstrapping Spring Data JPA repositories in DEFAULT mode.
""2021-01-02 06:36:21,741 INFO  [main] org.springframework.data.repository.config.RepositoryConfigurationDelegate : Finished Spring Data repository scanning in 679 ms. Found 1 JPA repository interfaces.
""2021-01-02 06:36:21,968 INFO  [main] org.springframework.data.repository.config.RepositoryConfigurationDelegate : Multiple Spring Data modules found, entering strict repository configuration mode!
""2021-01-02 06:36:21,969 INFO  [main] org.springframework.data.repository.config.RepositoryConfigurationDelegate : Bootstrapping Spring Data JDBC repositories in DEFAULT mode.
""2021-01-02 06:36:21,973 INFO  [main] org.springframework.data.repository.config.RepositoryConfigurationDelegate : Finished Spring Data repository scanning in 2 ms. Found 0 JDBC repository interfaces.
""2021-01-02 06:36:22,813 INFO  [main] org.springframework.boot.web.embedded.tomcat.TomcatWebServer : Tomcat initialized with port(s): 8080 (http)
""2021-01-02 06:36:22,826 INFO  [main] org.apache.catalina.core.StandardService : Starting service [Tomcat]
""2021-01-02 06:36:22,827 INFO  [main] org.apache.catalina.core.StandardEngine : Starting Servlet engine: [Apache Tomcat/9.0.39]
""2021-01-02 06:36:22,931 INFO  [main] org.apache.catalina.core.ContainerBase.[Tomcat].[localhost].[/] : Initializing Spring embedded WebApplicationContext
""2021-01-02 06:36:22,932 INFO  [main] org.springframework.boot.web.servlet.context.ServletWebServerApplicationContext : Root WebApplicationContext: initialization completed in 3005 ms
""2021-01-02 06:36:23,412 INFO  [main] org.hibernate.jpa.internal.util.LogHelper : HHH000204: Processing PersistenceUnitInfo [name: default]
""2021-01-02 06:36:23,483 INFO  [main] org.hibernate.Version : HHH000412: Hibernate ORM core version 5.4.23.Final
""2021-01-02 06:36:23,673 INFO  [main] org.hibernate.annotations.common.Version : HCANN000001: Hibernate Commons Annotations {5.1.2.Final}
""2021-01-02 06:36:23,835 INFO  [main] com.zaxxer.hikari.HikariDataSource : HikariPool-1 - Starting...
""2021-01-02 06:36:23,842 WARN  [main] com.zaxxer.hikari.util.DriverDataSource : Registered driver with driverClassName=com.mysql.jdbc.Driver was not found, trying direct instantiation.
""2021-01-02 06:36:24,093 INFO  [main] com.zaxxer.hikari.HikariDataSource : HikariPool-1 - Start completed.
""2021-01-02 06:36:24,112 INFO  [main] org.hibernate.dialect.Dialect : HHH000400: Using dialect: org.hibernate.dialect.MySQL5Dialect
""2021-01-02 06:36:24,520 WARN  [main] org.springframework.boot.web.servlet.context.AnnotationConfigServletWebServerApplicationContext : Exception encountered during context initialization - cancelling refresh attempt: org.springframework.beans.factory.BeanCreationException: Error creating bean with name 'entityManagerFactory' defined in class path resource [org/springframework/boot/autoconfigure/orm/jpa/HibernateJpaConfiguration.class]: Invocation of init method failed; nested exception is org.hibernate.AnnotationException: No identifier specified for entity: com.customer.datamodel.CustomerImage
""2021-01-02 06:36:24,520 INFO  [main] com.zaxxer.hikari.HikariDataSource : HikariPool-1 - Shutdown initiated...
""2021-01-02 06:36:24,533 INFO  [main] com.zaxxer.hikari.HikariDataSource : HikariPool-1 - Shutdown completed.
""2021-01-02 06:36:24,539 INFO  [main] org.apache.catalina.core.StandardService : Stopping service [Tomcat]
""2021-01-02 06:36:24,559 INFO  [main] org.springframework.boot.autoconfigure.logging.ConditionEvaluationReportLoggingListener : 

Error starting ApplicationContext. To display the conditions report re-run your application with 'debug' enabled.
""2021-01-02 06:36:24,584 ERROR [main] org.springframework.boot.SpringApplication : Application run failed
"org.springframework.beans.factory.BeanCreationException: Error creating bean with name 'entityManagerFactory' defined in class path resource [org/springframework/boot/autoconfigure/orm/jpa/HibernateJpaConfiguration.class]: Invocation of init method failed; nested exception is org.hibernate.AnnotationException: No identifier specified for entity: com.customer.datamodel.CustomerImage
	at org.springframework.beans.factory.support.AbstractAutowireCapableBeanFactory.initializeBean(AbstractAutowireCapableBeanFactory.java:1788)
	at org.springframework.beans.factory.support.AbstractAutowireCapableBeanFactory.doCreateBean(AbstractAutowireCapableBeanFactory.java:609)
	at org.springframework.beans.factory.support.AbstractAutowireCapableBeanFactory.createBean(AbstractAutowireCapableBeanFactory.java:531)
	at org.springframework.beans.factory.support.AbstractBeanFactory.lambda$doGetBean$0(AbstractBeanFactory.java:335)
	at org.springframework.beans.factory.support.DefaultSingletonBeanRegistry.getSingleton(DefaultSingletonBeanRegistry.java:234)
	at org.springframework.beans.factory.support.AbstractBeanFactory.doGetBean(AbstractBeanFactory.java:333)
	at org.springframework.beans.factory.support.AbstractBeanFactory.getBean(AbstractBeanFactory.java:208)
	at org.springframework.context.support.AbstractApplicationContext.getBean(AbstractApplicationContext.java:1161)
	at org.springframework.context.support.AbstractApplicationContext.finishBeanFactoryInitialization(AbstractApplicationContext.java:915)
	at org.springframework.context.support.AbstractApplicationContext.refresh(AbstractApplicationContext.java:588)
	at org.springframework.boot.web.servlet.context.ServletWebServerApplicationContext.refresh(ServletWebServerApplicationContext.java:144)
	at org.springframework.boot.SpringApplication.refresh(SpringApplication.java:767)
	at org.springframework.boot.SpringApplication.refresh(SpringApplication.java:759)
	at org.springframework.boot.SpringApplication.refreshContext(SpringApplication.java:426)
	at org.springframework.boot.SpringApplication.run(SpringApplication.java:326)
	at org.springframework.boot.SpringApplication.run(SpringApplication.java:1309)
	at org.springframework.boot.SpringApplication.run(SpringApplication.java:1298)
	at com.customer.portal.Application.main(Application.java:25)
Caused by: org.hibernate.AnnotationException: No identifier specified for entity: com.customer.datamodel.CustomerImage
	at org.hibernate.cfg.InheritanceState.determineDefaultAccessType(InheritanceState.java:266)
	at org.hibernate.cfg.InheritanceState.getElementsToProcess(InheritanceState.java:211)
	at org.hibernate.cfg.AnnotationBinder.bindClass(AnnotationBinder.java:773)
	at org.hibernate.boot.model.source.internal.annotations.AnnotationMetadataSourceProcessorImpl.processEntityHierarchies(AnnotationMetadataSourceProcessorImpl.java:248)
	at org.hibernate.boot.model.process.spi.MetadataBuildingProcess$1.processEntityHierarchies(MetadataBuildingProcess.java:230)
	at org.hibernate.boot.model.process.spi.MetadataBuildingProcess.complete(MetadataBuildingProcess.java:273)
	at org.hibernate.jpa.boot.internal.EntityManagerFactoryBuilderImpl.metadata(EntityManagerFactoryBuilderImpl.java:1224)
	at org.hibernate.jpa.boot.internal.EntityManagerFactoryBuilderImpl.build(EntityManagerFactoryBuilderImpl.java:1255)
	at org.springframework.orm.jpa.vendor.SpringHibernateJpaPersistenceProvider.createContainerEntityManagerFactory(SpringHibernateJpaPersistenceProvider.java:58)
	at org.springframework.orm.jpa.LocalContainerEntityManagerFactoryBean.createNativeEntityManagerFactory(LocalContainerEntityManagerFactoryBean.java:365)
	at org.springframework.orm.jpa.AbstractEntityManagerFactoryBean.buildNativeEntityManagerFactory(AbstractEntityManagerFactoryBean.java:409)
	at org.springframework.orm.jpa.AbstractEntityManagerFactoryBean.afterPropertiesSet(AbstractEntityManagerFactoryBean.java:396)
	at org.springframework.orm.jpa.LocalContainerEntityManagerFactoryBean.afterPropertiesSet(LocalContainerEntityManagerFactoryBean.java:341)
	at org.springframework.beans.factory.support.AbstractAutowireCapableBeanFactory.invokeInitMethods(AbstractAutowireCapableBeanFactory.java:1847)
	at org.springframework.beans.factory.support.AbstractAutowireCapableBeanFactory.initializeBean(AbstractAutowireCapableBeanFactory.java:1784)
	... 17 common frames omitted
"2021-01-02 06:37:04,589 INFO  [main] com.customer.portal.Application : Starting Application using Java 15 on vagrant with PID 335 (/gitrepository/Personal/Workspace/Customer-Portal-0.0.1/target/classes started by vagrant in /gitrepository/Personal/Workspace/Customer-Portal-0.0.1)
""2021-01-02 06:37:04,595 INFO  [main] com.customer.portal.Application : No active profile set, falling back to default profiles: default
""2021-01-02 06:37:05,900 INFO  [main] org.springframework.data.repository.config.RepositoryConfigurationDelegate : Multiple Spring Data modules found, entering strict repository configuration mode!
""2021-01-02 06:37:05,901 INFO  [main] org.springframework.data.repository.config.RepositoryConfigurationDelegate : Bootstrapping Spring Data JPA repositories in DEFAULT mode.
""2021-01-02 06:37:06,500 INFO  [main] org.springframework.data.repository.config.RepositoryConfigurationDelegate : Finished Spring Data repository scanning in 588 ms. Found 1 JPA repository interfaces.
""2021-01-02 06:37:06,707 INFO  [main] org.springframework.data.repository.config.RepositoryConfigurationDelegate : Multiple Spring Data modules found, entering strict repository configuration mode!
""2021-01-02 06:37:06,708 INFO  [main] org.springframework.data.repository.config.RepositoryConfigurationDelegate : Bootstrapping Spring Data JDBC repositories in DEFAULT mode.
""2021-01-02 06:37:06,711 INFO  [main] org.springframework.data.repository.config.RepositoryConfigurationDelegate : Finished Spring Data repository scanning in 2 ms. Found 0 JDBC repository interfaces.
""2021-01-02 06:37:07,347 INFO  [main] org.springframework.boot.web.embedded.tomcat.TomcatWebServer : Tomcat initialized with port(s): 8080 (http)
""2021-01-02 06:37:07,359 INFO  [main] org.apache.catalina.core.StandardService : Starting service [Tomcat]
""2021-01-02 06:37:07,359 INFO  [main] org.apache.catalina.core.StandardEngine : Starting Servlet engine: [Apache Tomcat/9.0.39]
""2021-01-02 06:37:07,474 INFO  [main] org.apache.catalina.core.ContainerBase.[Tomcat].[localhost].[/] : Initializing Spring embedded WebApplicationContext
""2021-01-02 06:37:07,475 INFO  [main] org.springframework.boot.web.servlet.context.ServletWebServerApplicationContext : Root WebApplicationContext: initialization completed in 2739 ms
""2021-01-02 06:37:07,887 INFO  [main] org.hibernate.jpa.internal.util.LogHelper : HHH000204: Processing PersistenceUnitInfo [name: default]
""2021-01-02 06:37:07,946 INFO  [main] org.hibernate.Version : HHH000412: Hibernate ORM core version 5.4.23.Final
""2021-01-02 06:37:08,118 INFO  [main] org.hibernate.annotations.common.Version : HCANN000001: Hibernate Commons Annotations {5.1.2.Final}
""2021-01-02 06:37:08,244 INFO  [main] com.zaxxer.hikari.HikariDataSource : HikariPool-1 - Starting...
""2021-01-02 06:37:08,249 WARN  [main] com.zaxxer.hikari.util.DriverDataSource : Registered driver with driverClassName=com.mysql.jdbc.Driver was not found, trying direct instantiation.
""2021-01-02 06:37:08,492 INFO  [main] com.zaxxer.hikari.HikariDataSource : HikariPool-1 - Start completed.
""2021-01-02 06:37:08,511 INFO  [main] org.hibernate.dialect.Dialect : HHH000400: Using dialect: org.hibernate.dialect.MySQL5Dialect
""2021-01-02 06:37:09,509 INFO  [main] org.hibernate.engine.transaction.jta.platform.internal.JtaPlatformInitiator : HHH000490: Using JtaPlatform implementation: [org.hibernate.engine.transaction.jta.platform.internal.NoJtaPlatform]
""2021-01-02 06:37:09,520 INFO  [main] org.springframework.orm.jpa.LocalContainerEntityManagerFactoryBean : Initialized JPA EntityManagerFactory for persistence unit 'default'
""2021-01-02 06:37:09,887 WARN  [main] org.springframework.boot.autoconfigure.orm.jpa.JpaBaseConfiguration$JpaWebConfiguration : spring.jpa.open-in-view is enabled by default. Therefore, database queries may be performed during view rendering. Explicitly configure spring.jpa.open-in-view to disable this warning
""2021-01-02 06:37:10,074 INFO  [main] org.springframework.scheduling.concurrent.ThreadPoolTaskExecutor : Initializing ExecutorService 'applicationTaskExecutor'
""2021-01-02 06:37:10,449 INFO  [main] org.springframework.boot.web.embedded.tomcat.TomcatWebServer : Tomcat started on port(s): 8080 (http) with context path ''
""2021-01-02 06:37:10,481 INFO  [main] com.customer.portal.Application : Started Application in 6.488 seconds (JVM running for 7.942)
""2021-01-02 06:37:10,484 INFO  [main] com.customer.portal.Application : Service Started at port 8080
""2021-01-02 06:38:10,737 INFO  [http-nio-8080-exec-1] org.apache.catalina.core.ContainerBase.[Tomcat].[localhost].[/] : Initializing Spring DispatcherServlet 'dispatcherServlet'
""2021-01-02 06:38:10,740 INFO  [http-nio-8080-exec-1] org.springframework.web.servlet.DispatcherServlet : Initializing Servlet 'dispatcherServlet'
""2021-01-02 06:38:10,741 INFO  [http-nio-8080-exec-1] org.springframework.web.servlet.DispatcherServlet : Completed initialization in 1 ms
""2021-01-02 06:38:10,946 ERROR [http-nio-8080-exec-1] org.apache.catalina.core.ContainerBase.[Tomcat].[localhost].[/].[dispatcherServlet] : Servlet.service() for servlet [dispatcherServlet] in context with path [] threw exception [Request processing failed; nested exception is org.springframework.http.converter.HttpMessageConversionException: Type definition error: [simple type, class java.sql.Clob]; nested exception is com.fasterxml.jackson.databind.exc.InvalidDefinitionException: Cannot construct instance of `java.sql.Clob` (no Creators, like default constructor, exist): abstract types either need to be mapped to concrete types, have custom deserializer, or contain additional type information
 at [Source: (PushbackInputStream); line: 27, column: 22] (through reference chain: com.customer.datamodel.Customer["image"]->com.customer.datamodel.Image["image_file"])] with root cause
"com.fasterxml.jackson.databind.exc.InvalidDefinitionException: Cannot construct instance of `java.sql.Clob` (no Creators, like default constructor, exist): abstract types either need to be mapped to concrete types, have custom deserializer, or contain additional type information
 at [Source: (PushbackInputStream); line: 27, column: 22] (through reference chain: com.customer.datamodel.Customer["image"]->com.customer.datamodel.Image["image_file"])
	at com.fasterxml.jackson.databind.exc.InvalidDefinitionException.from(InvalidDefinitionException.java:67)
	at com.fasterxml.jackson.databind.DeserializationContext.reportBadDefinition(DeserializationContext.java:1615)
	at com.fasterxml.jackson.databind.DatabindContext.reportBadDefinition(DatabindContext.java:400)
	at com.fasterxml.jackson.databind.DeserializationContext.handleMissingInstantiator(DeserializationContext.java:1077)
	at com.fasterxml.jackson.databind.deser.AbstractDeserializer.deserialize(AbstractDeserializer.java:265)
	at com.fasterxml.jackson.databind.deser.impl.MethodProperty.deserializeAndSet(MethodProperty.java:129)
	at com.fasterxml.jackson.databind.deser.BeanDeserializer.deserializeFromObject(BeanDeserializer.java:371)
	at com.fasterxml.jackson.databind.deser.BeanDeserializer.deserialize(BeanDeserializer.java:164)
	at com.fasterxml.jackson.databind.deser.impl.MethodProperty.deserializeAndSet(MethodProperty.java:129)
	at com.fasterxml.jackson.databind.deser.BeanDeserializer.deserializeFromObject(BeanDeserializer.java:371)
	at com.fasterxml.jackson.databind.deser.BeanDeserializer.deserialize(BeanDeserializer.java:164)
	at com.fasterxml.jackson.databind.ObjectMapper._readMapAndClose(ObjectMapper.java:4526)
	at com.fasterxml.jackson.databind.ObjectMapper.readValue(ObjectMapper.java:3521)
	at org.springframework.http.converter.json.AbstractJackson2HttpMessageConverter.readJavaType(AbstractJackson2HttpMessageConverter.java:274)
	at org.springframework.http.converter.json.AbstractJackson2HttpMessageConverter.read(AbstractJackson2HttpMessageConverter.java:243)
	at org.springframework.web.servlet.mvc.method.annotation.AbstractMessageConverterMethodArgumentResolver.readWithMessageConverters(AbstractMessageConverterMethodArgumentResolver.java:205)
	at org.springframework.web.servlet.mvc.method.annotation.RequestResponseBodyMethodProcessor.readWithMessageConverters(RequestResponseBodyMethodProcessor.java:158)
	at org.springframework.web.servlet.mvc.method.annotation.RequestResponseBodyMethodProcessor.resolveArgument(RequestResponseBodyMethodProcessor.java:131)
	at org.springframework.web.method.support.HandlerMethodArgumentResolverComposite.resolveArgument(HandlerMethodArgumentResolverComposite.java:121)
	at org.springframework.web.method.support.InvocableHandlerMethod.getMethodArgumentValues(InvocableHandlerMethod.java:170)
	at org.springframework.web.method.support.InvocableHandlerMethod.invokeForRequest(InvocableHandlerMethod.java:137)
	at org.springframework.web.servlet.mvc.method.annotation.ServletInvocableHandlerMethod.invokeAndHandle(ServletInvocableHandlerMethod.java:106)
	at org.springframework.web.servlet.mvc.method.annotation.RequestMappingHandlerAdapter.invokeHandlerMethod(RequestMappingHandlerAdapter.java:893)
	at org.springframework.web.servlet.mvc.method.annotation.RequestMappingHandlerAdapter.handleInternal(RequestMappingHandlerAdapter.java:807)
	at org.springframework.web.servlet.mvc.method.AbstractHandlerMethodAdapter.handle(AbstractHandlerMethodAdapter.java:87)
	at org.springframework.web.servlet.DispatcherServlet.doDispatch(DispatcherServlet.java:1061)
	at org.springframework.web.servlet.DispatcherServlet.doService(DispatcherServlet.java:961)
	at org.springframework.web.servlet.FrameworkServlet.processRequest(FrameworkServlet.java:1006)
	at org.springframework.web.servlet.FrameworkServlet.doPost(FrameworkServlet.java:909)
	at javax.servlet.http.HttpServlet.service(HttpServlet.java:652)
	at org.springframework.web.servlet.FrameworkServlet.service(FrameworkServlet.java:883)
	at javax.servlet.http.HttpServlet.service(HttpServlet.java:733)
	at org.apache.catalina.core.ApplicationFilterChain.internalDoFilter(ApplicationFilterChain.java:231)
	at org.apache.catalina.core.ApplicationFilterChain.doFilter(ApplicationFilterChain.java:166)
	at org.apache.tomcat.websocket.server.WsFilter.doFilter(WsFilter.java:53)
	at org.apache.catalina.core.ApplicationFilterChain.internalDoFilter(ApplicationFilterChain.java:193)
	at org.apache.catalina.core.ApplicationFilterChain.doFilter(ApplicationFilterChain.java:166)
	at org.springframework.web.filter.RequestContextFilter.doFilterInternal(RequestContextFilter.java:100)
	at org.springframework.web.filter.OncePerRequestFilter.doFilter(OncePerRequestFilter.java:119)
	at org.apache.catalina.core.ApplicationFilterChain.internalDoFilter(ApplicationFilterChain.java:193)
	at org.apache.catalina.core.ApplicationFilterChain.doFilter(ApplicationFilterChain.java:166)
	at org.springframework.web.filter.FormContentFilter.doFilterInternal(FormContentFilter.java:93)
	at org.springframework.web.filter.OncePerRequestFilter.doFilter(OncePerRequestFilter.java:119)
	at org.apache.catalina.core.ApplicationFilterChain.internalDoFilter(ApplicationFilterChain.java:193)
	at org.apache.catalina.core.ApplicationFilterChain.doFilter(ApplicationFilterChain.java:166)
	at org.springframework.web.filter.CharacterEncodingFilter.doFilterInternal(CharacterEncodingFilter.java:201)
	at org.springframework.web.filter.OncePerRequestFilter.doFilter(OncePerRequestFilter.java:119)
	at org.apache.catalina.core.ApplicationFilterChain.internalDoFilter(ApplicationFilterChain.java:193)
	at org.apache.catalina.core.ApplicationFilterChain.doFilter(ApplicationFilterChain.java:166)
	at org.apache.catalina.core.StandardWrapperValve.invoke(StandardWrapperValve.java:202)
	at org.apache.catalina.core.StandardContextValve.invoke(StandardContextValve.java:97)
	at org.apache.catalina.authenticator.AuthenticatorBase.invoke(AuthenticatorBase.java:542)
	at org.apache.catalina.core.StandardHostValve.invoke(StandardHostValve.java:143)
	at org.apache.catalina.valves.ErrorReportValve.invoke(ErrorReportValve.java:92)
	at org.apache.catalina.core.StandardEngineValve.invoke(StandardEngineValve.java:78)
	at org.apache.catalina.connector.CoyoteAdapter.service(CoyoteAdapter.java:343)
	at org.apache.coyote.http11.Http11Processor.service(Http11Processor.java:374)
	at org.apache.coyote.AbstractProcessorLight.process(AbstractProcessorLight.java:65)
	at org.apache.coyote.AbstractProtocol$ConnectionHandler.process(AbstractProtocol.java:868)
	at org.apache.tomcat.util.net.NioEndpoint$SocketProcessor.doRun(NioEndpoint.java:1590)
	at org.apache.tomcat.util.net.SocketProcessorBase.run(SocketProcessorBase.java:49)
	at java.base/java.util.concurrent.ThreadPoolExecutor.runWorker(ThreadPoolExecutor.java:1130)
	at java.base/java.util.concurrent.ThreadPoolExecutor$Worker.run(ThreadPoolExecutor.java:630)
	at org.apache.tomcat.util.threads.TaskThread$WrappingRunnable.run(TaskThread.java:61)
	at java.base/java.lang.Thread.run(Thread.java:832)
"2021-01-02 06:40:27,748 ERROR [http-nio-8080-exec-2] org.apache.catalina.core.ContainerBase.[Tomcat].[localhost].[/].[dispatcherServlet] : Servlet.service() for servlet [dispatcherServlet] in context with path [] threw exception [Request processing failed; nested exception is org.springframework.http.converter.HttpMessageConversionException: Type definition error: [simple type, class java.sql.Clob]; nested exception is com.fasterxml.jackson.databind.exc.InvalidDefinitionException: Cannot construct instance of `java.sql.Clob` (no Creators, like default constructor, exist): abstract types either need to be mapped to concrete types, have custom deserializer, or contain additional type information
 at [Source: (PushbackInputStream); line: 27, column: 22] (through reference chain: com.customer.datamodel.Customer["image"]->com.customer.datamodel.Image["image_file"])] with root cause
"com.fasterxml.jackson.databind.exc.InvalidDefinitionException: Cannot construct instance of `java.sql.Clob` (no Creators, like default constructor, exist): abstract types either need to be mapped to concrete types, have custom deserializer, or contain additional type information
 at [Source: (PushbackInputStream); line: 27, column: 22] (through reference chain: com.customer.datamodel.Customer["image"]->com.customer.datamodel.Image["image_file"])
	at com.fasterxml.jackson.databind.exc.InvalidDefinitionException.from(InvalidDefinitionException.java:67)
	at com.fasterxml.jackson.databind.DeserializationContext.reportBadDefinition(DeserializationContext.java:1615)
	at com.fasterxml.jackson.databind.DatabindContext.reportBadDefinition(DatabindContext.java:400)
	at com.fasterxml.jackson.databind.DeserializationContext.handleMissingInstantiator(DeserializationContext.java:1077)
	at com.fasterxml.jackson.databind.deser.AbstractDeserializer.deserialize(AbstractDeserializer.java:265)
	at com.fasterxml.jackson.databind.deser.impl.MethodProperty.deserializeAndSet(MethodProperty.java:129)
	at com.fasterxml.jackson.databind.deser.BeanDeserializer.deserializeFromObject(BeanDeserializer.java:371)
	at com.fasterxml.jackson.databind.deser.BeanDeserializer.deserialize(BeanDeserializer.java:164)
	at com.fasterxml.jackson.databind.deser.impl.MethodProperty.deserializeAndSet(MethodProperty.java:129)
	at com.fasterxml.jackson.databind.deser.BeanDeserializer.deserializeFromObject(BeanDeserializer.java:371)
	at com.fasterxml.jackson.databind.deser.BeanDeserializer.deserialize(BeanDeserializer.java:164)
	at com.fasterxml.jackson.databind.ObjectMapper._readMapAndClose(ObjectMapper.java:4526)
	at com.fasterxml.jackson.databind.ObjectMapper.readValue(ObjectMapper.java:3521)
	at org.springframework.http.converter.json.AbstractJackson2HttpMessageConverter.readJavaType(AbstractJackson2HttpMessageConverter.java:274)
	at org.springframework.http.converter.json.AbstractJackson2HttpMessageConverter.read(AbstractJackson2HttpMessageConverter.java:243)
	at org.springframework.web.servlet.mvc.method.annotation.AbstractMessageConverterMethodArgumentResolver.readWithMessageConverters(AbstractMessageConverterMethodArgumentResolver.java:205)
	at org.springframework.web.servlet.mvc.method.annotation.RequestResponseBodyMethodProcessor.readWithMessageConverters(RequestResponseBodyMethodProcessor.java:158)
	at org.springframework.web.servlet.mvc.method.annotation.RequestResponseBodyMethodProcessor.resolveArgument(RequestResponseBodyMethodProcessor.java:131)
	at org.springframework.web.method.support.HandlerMethodArgumentResolverComposite.resolveArgument(HandlerMethodArgumentResolverComposite.java:121)
	at org.springframework.web.method.support.InvocableHandlerMethod.getMethodArgumentValues(InvocableHandlerMethod.java:170)
	at org.springframework.web.method.support.InvocableHandlerMethod.invokeForRequest(InvocableHandlerMethod.java:137)
	at org.springframework.web.servlet.mvc.method.annotation.ServletInvocableHandlerMethod.invokeAndHandle(ServletInvocableHandlerMethod.java:106)
	at org.springframework.web.servlet.mvc.method.annotation.RequestMappingHandlerAdapter.invokeHandlerMethod(RequestMappingHandlerAdapter.java:893)
	at org.springframework.web.servlet.mvc.method.annotation.RequestMappingHandlerAdapter.handleInternal(RequestMappingHandlerAdapter.java:807)
	at org.springframework.web.servlet.mvc.method.AbstractHandlerMethodAdapter.handle(AbstractHandlerMethodAdapter.java:87)
	at org.springframework.web.servlet.DispatcherServlet.doDispatch(DispatcherServlet.java:1061)
	at org.springframework.web.servlet.DispatcherServlet.doService(DispatcherServlet.java:961)
	at org.springframework.web.servlet.FrameworkServlet.processRequest(FrameworkServlet.java:1006)
	at org.springframework.web.servlet.FrameworkServlet.doPost(FrameworkServlet.java:909)
	at javax.servlet.http.HttpServlet.service(HttpServlet.java:652)
	at org.springframework.web.servlet.FrameworkServlet.service(FrameworkServlet.java:883)
	at javax.servlet.http.HttpServlet.service(HttpServlet.java:733)
	at org.apache.catalina.core.ApplicationFilterChain.internalDoFilter(ApplicationFilterChain.java:231)
	at org.apache.catalina.core.ApplicationFilterChain.doFilter(ApplicationFilterChain.java:166)
	at org.apache.tomcat.websocket.server.WsFilter.doFilter(WsFilter.java:53)
	at org.apache.catalina.core.ApplicationFilterChain.internalDoFilter(ApplicationFilterChain.java:193)
	at org.apache.catalina.core.ApplicationFilterChain.doFilter(ApplicationFilterChain.java:166)
	at org.springframework.web.filter.RequestContextFilter.doFilterInternal(RequestContextFilter.java:100)
	at org.springframework.web.filter.OncePerRequestFilter.doFilter(OncePerRequestFilter.java:119)
	at org.apache.catalina.core.ApplicationFilterChain.internalDoFilter(ApplicationFilterChain.java:193)
	at org.apache.catalina.core.ApplicationFilterChain.doFilter(ApplicationFilterChain.java:166)
	at org.springframework.web.filter.FormContentFilter.doFilterInternal(FormContentFilter.java:93)
	at org.springframework.web.filter.OncePerRequestFilter.doFilter(OncePerRequestFilter.java:119)
	at org.apache.catalina.core.ApplicationFilterChain.internalDoFilter(ApplicationFilterChain.java:193)
	at org.apache.catalina.core.ApplicationFilterChain.doFilter(ApplicationFilterChain.java:166)
	at org.springframework.web.filter.CharacterEncodingFilter.doFilterInternal(CharacterEncodingFilter.java:201)
	at org.springframework.web.filter.OncePerRequestFilter.doFilter(OncePerRequestFilter.java:119)
	at org.apache.catalina.core.ApplicationFilterChain.internalDoFilter(ApplicationFilterChain.java:193)
	at org.apache.catalina.core.ApplicationFilterChain.doFilter(ApplicationFilterChain.java:166)
	at org.apache.catalina.core.StandardWrapperValve.invoke(StandardWrapperValve.java:202)
	at org.apache.catalina.core.StandardContextValve.invoke(StandardContextValve.java:97)
	at org.apache.catalina.authenticator.AuthenticatorBase.invoke(AuthenticatorBase.java:542)
	at org.apache.catalina.core.StandardHostValve.invoke(StandardHostValve.java:143)
	at org.apache.catalina.valves.ErrorReportValve.invoke(ErrorReportValve.java:92)
	at org.apache.catalina.core.StandardEngineValve.invoke(StandardEngineValve.java:78)
	at org.apache.catalina.connector.CoyoteAdapter.service(CoyoteAdapter.java:343)
	at org.apache.coyote.http11.Http11Processor.service(Http11Processor.java:374)
	at org.apache.coyote.AbstractProcessorLight.process(AbstractProcessorLight.java:65)
	at org.apache.coyote.AbstractProtocol$ConnectionHandler.process(AbstractProtocol.java:868)
	at org.apache.tomcat.util.net.NioEndpoint$SocketProcessor.doRun(NioEndpoint.java:1590)
	at org.apache.tomcat.util.net.SocketProcessorBase.run(SocketProcessorBase.java:49)
	at java.base/java.util.concurrent.ThreadPoolExecutor.runWorker(ThreadPoolExecutor.java:1130)
	at java.base/java.util.concurrent.ThreadPoolExecutor$Worker.run(ThreadPoolExecutor.java:630)
	at org.apache.tomcat.util.threads.TaskThread$WrappingRunnable.run(TaskThread.java:61)
	at java.base/java.lang.Thread.run(Thread.java:832)
"2021-01-02 06:40:52,852 INFO  [RMI TCP Connection(7)-127.0.0.1] org.springframework.boot.admin.SpringApplicationAdminMXBeanRegistrar$SpringApplicationAdmin : Application shutdown requested.
""2021-01-02 06:40:52,915 INFO  [RMI TCP Connection(7)-127.0.0.1] org.springframework.scheduling.concurrent.ThreadPoolTaskExecutor : Shutting down ExecutorService 'applicationTaskExecutor'
""2021-01-02 06:40:52,917 INFO  [RMI TCP Connection(7)-127.0.0.1] org.springframework.orm.jpa.LocalContainerEntityManagerFactoryBean : Closing JPA EntityManagerFactory for persistence unit 'default'
""2021-01-02 06:40:52,921 INFO  [RMI TCP Connection(7)-127.0.0.1] com.zaxxer.hikari.HikariDataSource : HikariPool-1 - Shutdown initiated...
""2021-01-02 06:40:52,953 INFO  [RMI TCP Connection(7)-127.0.0.1] com.zaxxer.hikari.HikariDataSource : HikariPool-1 - Shutdown completed.
""2021-01-02 06:40:57,340 INFO  [main] com.customer.portal.Application : Starting Application using Java 15 on vagrant with PID 803 (/gitrepository/Personal/Workspace/Customer-Portal-0.0.1/target/classes started by vagrant in /gitrepository/Personal/Workspace/Customer-Portal-0.0.1)
""2021-01-02 06:40:57,347 INFO  [main] com.customer.portal.Application : No active profile set, falling back to default profiles: default
""2021-01-02 06:40:58,728 INFO  [main] org.springframework.data.repository.config.RepositoryConfigurationDelegate : Multiple Spring Data modules found, entering strict repository configuration mode!
""2021-01-02 06:40:58,729 INFO  [main] org.springframework.data.repository.config.RepositoryConfigurationDelegate : Bootstrapping Spring Data JPA repositories in DEFAULT mode.
""2021-01-02 06:40:59,340 INFO  [main] org.springframework.data.repository.config.RepositoryConfigurationDelegate : Finished Spring Data repository scanning in 600 ms. Found 1 JPA repository interfaces.
""2021-01-02 06:40:59,605 INFO  [main] org.springframework.data.repository.config.RepositoryConfigurationDelegate : Multiple Spring Data modules found, entering strict repository configuration mode!
""2021-01-02 06:40:59,606 INFO  [main] org.springframework.data.repository.config.RepositoryConfigurationDelegate : Bootstrapping Spring Data JDBC repositories in DEFAULT mode.
""2021-01-02 06:40:59,612 INFO  [main] org.springframework.data.repository.config.RepositoryConfigurationDelegate : Finished Spring Data repository scanning in 4 ms. Found 0 JDBC repository interfaces.
""2021-01-02 06:41:00,314 INFO  [main] org.springframework.boot.web.embedded.tomcat.TomcatWebServer : Tomcat initialized with port(s): 8080 (http)
""2021-01-02 06:41:00,326 INFO  [main] org.apache.catalina.core.StandardService : Starting service [Tomcat]
""2021-01-02 06:41:00,327 INFO  [main] org.apache.catalina.core.StandardEngine : Starting Servlet engine: [Apache Tomcat/9.0.39]
""2021-01-02 06:41:00,461 INFO  [main] org.apache.catalina.core.ContainerBase.[Tomcat].[localhost].[/] : Initializing Spring embedded WebApplicationContext
""2021-01-02 06:41:00,462 INFO  [main] org.springframework.boot.web.servlet.context.ServletWebServerApplicationContext : Root WebApplicationContext: initialization completed in 3024 ms
""2021-01-02 06:41:00,960 INFO  [main] org.hibernate.jpa.internal.util.LogHelper : HHH000204: Processing PersistenceUnitInfo [name: default]
""2021-01-02 06:41:01,023 INFO  [main] org.hibernate.Version : HHH000412: Hibernate ORM core version 5.4.23.Final
""2021-01-02 06:41:01,196 INFO  [main] org.hibernate.annotations.common.Version : HCANN000001: Hibernate Commons Annotations {5.1.2.Final}
""2021-01-02 06:41:01,342 INFO  [main] com.zaxxer.hikari.HikariDataSource : HikariPool-1 - Starting...
""2021-01-02 06:41:01,348 WARN  [main] com.zaxxer.hikari.util.DriverDataSource : Registered driver with driverClassName=com.mysql.jdbc.Driver was not found, trying direct instantiation.
""2021-01-02 06:41:01,614 INFO  [main] com.zaxxer.hikari.HikariDataSource : HikariPool-1 - Start completed.
""2021-01-02 06:41:01,633 INFO  [main] org.hibernate.dialect.Dialect : HHH000400: Using dialect: org.hibernate.dialect.MySQL5Dialect
""2021-01-02 06:41:04,765 INFO  [main] org.hibernate.engine.transaction.jta.platform.internal.JtaPlatformInitiator : HHH000490: Using JtaPlatform implementation: [org.hibernate.engine.transaction.jta.platform.internal.NoJtaPlatform]
""2021-01-02 06:41:04,784 INFO  [main] org.springframework.orm.jpa.LocalContainerEntityManagerFactoryBean : Initialized JPA EntityManagerFactory for persistence unit 'default'
""2021-01-02 06:41:05,222 WARN  [main] org.springframework.boot.autoconfigure.orm.jpa.JpaBaseConfiguration$JpaWebConfiguration : spring.jpa.open-in-view is enabled by default. Therefore, database queries may be performed during view rendering. Explicitly configure spring.jpa.open-in-view to disable this warning
""2021-01-02 06:41:05,424 INFO  [main] org.springframework.scheduling.concurrent.ThreadPoolTaskExecutor : Initializing ExecutorService 'applicationTaskExecutor'
""2021-01-02 06:41:05,863 INFO  [main] org.springframework.boot.web.embedded.tomcat.TomcatWebServer : Tomcat started on port(s): 8080 (http) with context path ''
""2021-01-02 06:41:05,882 INFO  [main] com.customer.portal.Application : Started Application in 9.189 seconds (JVM running for 10.993)
""2021-01-02 06:41:05,887 INFO  [main] com.customer.portal.Application : Service Started at port 8080
""2021-01-02 06:41:08,886 INFO  [http-nio-8080-exec-2] org.apache.catalina.core.ContainerBase.[Tomcat].[localhost].[/] : Initializing Spring DispatcherServlet 'dispatcherServlet'
""2021-01-02 06:41:08,887 INFO  [http-nio-8080-exec-2] org.springframework.web.servlet.DispatcherServlet : Initializing Servlet 'dispatcherServlet'
""2021-01-02 06:41:08,888 INFO  [http-nio-8080-exec-2] org.springframework.web.servlet.DispatcherServlet : Completed initialization in 1 ms
""2021-01-02 06:43:23,890 INFO  [main] com.customer.portal.Application : Starting Application using Java 15 on vagrant with PID 1060 (/gitrepository/Personal/Workspace/Customer-Portal-0.0.1/target/classes started by vagrant in /gitrepository/Personal/Workspace/Customer-Portal-0.0.1)
""2021-01-02 06:43:23,897 INFO  [main] com.customer.portal.Application : No active profile set, falling back to default profiles: default
""2021-01-02 06:43:25,071 INFO  [main] org.springframework.data.repository.config.RepositoryConfigurationDelegate : Multiple Spring Data modules found, entering strict repository configuration mode!
""2021-01-02 06:43:25,073 INFO  [main] org.springframework.data.repository.config.RepositoryConfigurationDelegate : Bootstrapping Spring Data JPA repositories in DEFAULT mode.
""2021-01-02 06:43:25,707 INFO  [main] org.springframework.data.repository.config.RepositoryConfigurationDelegate : Finished Spring Data repository scanning in 623 ms. Found 1 JPA repository interfaces.
""2021-01-02 06:43:26,399 INFO  [main] org.springframework.data.repository.config.RepositoryConfigurationDelegate : Multiple Spring Data modules found, entering strict repository configuration mode!
""2021-01-02 06:43:26,400 INFO  [main] org.springframework.data.repository.config.RepositoryConfigurationDelegate : Bootstrapping Spring Data JDBC repositories in DEFAULT mode.
""2021-01-02 06:43:26,404 INFO  [main] org.springframework.data.repository.config.RepositoryConfigurationDelegate : Finished Spring Data repository scanning in 2 ms. Found 0 JDBC repository interfaces.
""2021-01-02 06:43:27,096 INFO  [main] org.springframework.boot.web.embedded.tomcat.TomcatWebServer : Tomcat initialized with port(s): 8080 (http)
""2021-01-02 06:43:27,111 INFO  [main] org.apache.catalina.core.StandardService : Starting service [Tomcat]
""2021-01-02 06:43:27,112 INFO  [main] org.apache.catalina.core.StandardEngine : Starting Servlet engine: [Apache Tomcat/9.0.39]
""2021-01-02 06:43:27,232 INFO  [main] org.apache.catalina.core.ContainerBase.[Tomcat].[localhost].[/] : Initializing Spring embedded WebApplicationContext
""2021-01-02 06:43:27,234 INFO  [main] org.springframework.boot.web.servlet.context.ServletWebServerApplicationContext : Root WebApplicationContext: initialization completed in 3242 ms
""2021-01-02 06:43:27,726 INFO  [main] org.hibernate.jpa.internal.util.LogHelper : HHH000204: Processing PersistenceUnitInfo [name: default]
""2021-01-02 06:43:27,793 INFO  [main] org.hibernate.Version : HHH000412: Hibernate ORM core version 5.4.23.Final
""2021-01-02 06:43:28,006 INFO  [main] org.hibernate.annotations.common.Version : HCANN000001: Hibernate Commons Annotations {5.1.2.Final}
""2021-01-02 06:43:28,152 INFO  [main] com.zaxxer.hikari.HikariDataSource : HikariPool-1 - Starting...
""2021-01-02 06:43:28,159 WARN  [main] com.zaxxer.hikari.util.DriverDataSource : Registered driver with driverClassName=com.mysql.jdbc.Driver was not found, trying direct instantiation.
""2021-01-02 06:43:28,416 INFO  [main] com.zaxxer.hikari.HikariDataSource : HikariPool-1 - Start completed.
""2021-01-02 06:43:28,435 INFO  [main] org.hibernate.dialect.Dialect : HHH000400: Using dialect: org.hibernate.dialect.MySQL5Dialect
""2021-01-02 06:43:29,902 INFO  [main] org.hibernate.engine.transaction.jta.platform.internal.JtaPlatformInitiator : HHH000490: Using JtaPlatform implementation: [org.hibernate.engine.transaction.jta.platform.internal.NoJtaPlatform]
""2021-01-02 06:43:29,933 INFO  [main] org.springframework.orm.jpa.LocalContainerEntityManagerFactoryBean : Initialized JPA EntityManagerFactory for persistence unit 'default'
""2021-01-02 06:43:30,409 WARN  [main] org.springframework.boot.autoconfigure.orm.jpa.JpaBaseConfiguration$JpaWebConfiguration : spring.jpa.open-in-view is enabled by default. Therefore, database queries may be performed during view rendering. Explicitly configure spring.jpa.open-in-view to disable this warning
""2021-01-02 06:43:30,598 INFO  [main] org.springframework.scheduling.concurrent.ThreadPoolTaskExecutor : Initializing ExecutorService 'applicationTaskExecutor'
""2021-01-02 06:43:31,030 INFO  [main] org.springframework.boot.web.embedded.tomcat.TomcatWebServer : Tomcat started on port(s): 8080 (http) with context path ''
""2021-01-02 06:43:31,051 INFO  [main] com.customer.portal.Application : Started Application in 7.706 seconds (JVM running for 9.058)
""2021-01-02 06:43:31,055 INFO  [main] com.customer.portal.Application : Service Started at port 8080
""2021-01-02 08:42:43,659 INFO  [main] com.customer.portal.Application : Starting Application using Java 15 on vagrant with PID 12158 (/gitrepository/Personal/Workspace/Customer-Portal-0.0.1/target/classes started by vagrant in /gitrepository/Personal/Workspace/Customer-Portal-0.0.1)
""2021-01-02 08:42:43,669 INFO  [main] com.customer.portal.Application : No active profile set, falling back to default profiles: default
""2021-01-02 08:42:46,383 INFO  [main] org.springframework.data.repository.config.RepositoryConfigurationDelegate : Multiple Spring Data modules found, entering strict repository configuration mode!
""2021-01-02 08:42:46,384 INFO  [main] org.springframework.data.repository.config.RepositoryConfigurationDelegate : Bootstrapping Spring Data JPA repositories in DEFAULT mode.
""2021-01-02 08:42:46,975 INFO  [main] org.springframework.data.repository.config.RepositoryConfigurationDelegate : Finished Spring Data repository scanning in 581 ms. Found 1 JPA repository interfaces.
""2021-01-02 08:42:47,219 INFO  [main] org.springframework.data.repository.config.RepositoryConfigurationDelegate : Multiple Spring Data modules found, entering strict repository configuration mode!
""2021-01-02 08:42:47,220 INFO  [main] org.springframework.data.repository.config.RepositoryConfigurationDelegate : Bootstrapping Spring Data JDBC repositories in DEFAULT mode.
""2021-01-02 08:42:47,223 INFO  [main] org.springframework.data.repository.config.RepositoryConfigurationDelegate : Finished Spring Data repository scanning in 2 ms. Found 0 JDBC repository interfaces.
""2021-01-02 08:42:47,971 INFO  [main] org.springframework.boot.web.embedded.tomcat.TomcatWebServer : Tomcat initialized with port(s): 8080 (http)
""2021-01-02 08:42:47,983 INFO  [main] org.apache.catalina.core.StandardService : Starting service [Tomcat]
""2021-01-02 08:42:47,984 INFO  [main] org.apache.catalina.core.StandardEngine : Starting Servlet engine: [Apache Tomcat/9.0.39]
""2021-01-02 08:42:48,084 INFO  [main] org.apache.catalina.core.ContainerBase.[Tomcat].[localhost].[/] : Initializing Spring embedded WebApplicationContext
""2021-01-02 08:42:48,086 INFO  [main] org.springframework.boot.web.servlet.context.ServletWebServerApplicationContext : Root WebApplicationContext: initialization completed in 3849 ms
""2021-01-02 08:42:48,584 INFO  [main] org.hibernate.jpa.internal.util.LogHelper : HHH000204: Processing PersistenceUnitInfo [name: default]
""2021-01-02 08:42:48,650 INFO  [main] org.hibernate.Version : HHH000412: Hibernate ORM core version 5.4.23.Final
""2021-01-02 08:42:49,133 INFO  [main] org.hibernate.annotations.common.Version : HCANN000001: Hibernate Commons Annotations {5.1.2.Final}
""2021-01-02 08:42:49,827 INFO  [main] com.zaxxer.hikari.HikariDataSource : HikariPool-1 - Starting...
""2021-01-02 08:42:49,876 WARN  [main] com.zaxxer.hikari.util.DriverDataSource : Registered driver with driverClassName=com.mysql.jdbc.Driver was not found, trying direct instantiation.
""2021-01-02 08:42:51,149 INFO  [main] com.zaxxer.hikari.HikariDataSource : HikariPool-1 - Start completed.
""2021-01-02 08:42:51,285 INFO  [main] org.hibernate.dialect.Dialect : HHH000400: Using dialect: org.hibernate.dialect.MySQL5Dialect
""2021-01-02 08:42:57,498 INFO  [main] org.hibernate.engine.transaction.jta.platform.internal.JtaPlatformInitiator : HHH000490: Using JtaPlatform implementation: [org.hibernate.engine.transaction.jta.platform.internal.NoJtaPlatform]
""2021-01-02 08:42:57,543 INFO  [main] org.springframework.orm.jpa.LocalContainerEntityManagerFactoryBean : Initialized JPA EntityManagerFactory for persistence unit 'default'
""2021-01-02 08:42:59,238 WARN  [main] org.springframework.boot.autoconfigure.orm.jpa.JpaBaseConfiguration$JpaWebConfiguration : spring.jpa.open-in-view is enabled by default. Therefore, database queries may be performed during view rendering. Explicitly configure spring.jpa.open-in-view to disable this warning
""2021-01-02 08:42:59,793 INFO  [main] org.springframework.scheduling.concurrent.ThreadPoolTaskExecutor : Initializing ExecutorService 'applicationTaskExecutor'
""2021-01-02 08:43:01,103 INFO  [main] org.springframework.boot.web.embedded.tomcat.TomcatWebServer : Tomcat started on port(s): 8080 (http) with context path ''
""2021-01-02 08:43:01,167 INFO  [main] com.customer.portal.Application : Started Application in 18.284 seconds (JVM running for 20.595)
""2021-01-02 08:43:01,178 INFO  [main] com.customer.portal.Application : Service Started at port 8080
""2021-01-02 08:43:19,887 INFO  [http-nio-8080-exec-2] org.apache.catalina.core.ContainerBase.[Tomcat].[localhost].[/] : Initializing Spring DispatcherServlet 'dispatcherServlet'
""2021-01-02 08:43:19,889 INFO  [http-nio-8080-exec-2] org.springframework.web.servlet.DispatcherServlet : Initializing Servlet 'dispatcherServlet'
""2021-01-02 08:43:19,893 INFO  [http-nio-8080-exec-2] org.springframework.web.servlet.DispatcherServlet : Completed initialization in 4 ms
"